<?xml version="1.0" encoding="UTF-8"?>
<testsuite name="org.venky.employee.controller.EmployeeControllerTest" tests="1" skipped="0" failures="0" errors="0" timestamp="2017-03-29T17:10:26" hostname="idx-10271" time="0.09">
  <properties/>
  <testcase name="getEmployee" classname="org.venky.employee.controller.EmployeeControllerTest" time="0.09"/>
  <system-out><![CDATA[12:10:25.392 [Test worker] DEBUG org.springframework.test.context.junit4.SpringJUnit4ClassRunner - SpringJUnit4ClassRunner constructor called with [class org.venky.employee.controller.EmployeeControllerTest]
12:10:25.395 [Test worker] DEBUG org.springframework.test.context.BootstrapUtils - Instantiating CacheAwareContextLoaderDelegate from class [org.springframework.test.context.cache.DefaultCacheAwareContextLoaderDelegate]
12:10:25.400 [Test worker] DEBUG org.springframework.test.context.BootstrapUtils - Instantiating BootstrapContext using constructor [public org.springframework.test.context.support.DefaultBootstrapContext(java.lang.Class,org.springframework.test.context.CacheAwareContextLoaderDelegate)]
12:10:25.410 [Test worker] DEBUG org.springframework.test.context.BootstrapUtils - Instantiating TestContextBootstrapper for test class [org.venky.employee.controller.EmployeeControllerTest] from class [org.springframework.boot.test.autoconfigure.web.servlet.WebMvcTestContextBootstrapper]
12:10:25.428 [Test worker] DEBUG org.springframework.test.context.support.AbstractContextLoader - Did not detect default resource location for test class [org.venky.employee.controller.EmployeeControllerTest]: class path resource [org/venky/employee/controller/EmployeeControllerTest-context.xml] does not exist
12:10:25.429 [Test worker] DEBUG org.springframework.test.context.support.AbstractContextLoader - Did not detect default resource location for test class [org.venky.employee.controller.EmployeeControllerTest]: class path resource [org/venky/employee/controller/EmployeeControllerTestContext.groovy] does not exist
12:10:25.429 [Test worker] INFO org.springframework.test.context.support.AbstractContextLoader - Could not detect default resource locations for test class [org.venky.employee.controller.EmployeeControllerTest]: no resource found for suffixes {-context.xml, Context.groovy}.
12:10:25.481 [Test worker] DEBUG org.springframework.test.context.support.ActiveProfilesUtils - Could not find an 'annotation declaring class' for annotation type [org.springframework.test.context.ActiveProfiles] and class [org.venky.employee.controller.EmployeeControllerTest]
12:10:25.492 [Test worker] DEBUG org.springframework.boot.test.autoconfigure.web.servlet.WebMvcTestContextBootstrapper - @TestExecutionListeners is not present for class [org.venky.employee.controller.EmployeeControllerTest]: using defaults.
12:10:25.494 [Test worker] INFO org.springframework.boot.test.autoconfigure.web.servlet.WebMvcTestContextBootstrapper - Loaded default TestExecutionListener class names from location [META-INF/spring.factories]: [org.springframework.boot.test.mock.mockito.MockitoTestExecutionListener, org.springframework.boot.test.mock.mockito.ResetMocksTestExecutionListener, org.springframework.boot.test.autoconfigure.restdocs.RestDocsTestExecutionListener, org.springframework.boot.test.autoconfigure.web.client.MockRestServiceServerResetTestExecutionListener, org.springframework.boot.test.autoconfigure.web.servlet.MockMvcPrintOnlyOnFailureTestExecutionListener, org.springframework.boot.test.autoconfigure.web.servlet.WebDriverTestExecutionListener, org.springframework.test.context.web.ServletTestExecutionListener, org.springframework.test.context.support.DirtiesContextBeforeModesTestExecutionListener, org.springframework.test.context.support.DependencyInjectionTestExecutionListener, org.springframework.test.context.support.DirtiesContextTestExecutionListener, org.springframework.test.context.transaction.TransactionalTestExecutionListener, org.springframework.test.context.jdbc.SqlScriptsTestExecutionListener]
12:10:25.501 [Test worker] INFO org.springframework.boot.test.autoconfigure.web.servlet.WebMvcTestContextBootstrapper - Could not instantiate TestExecutionListener [org.springframework.test.context.transaction.TransactionalTestExecutionListener]. Specify custom listener classes or make the default listener classes (and their required dependencies) available. Offending class: [org/springframework/transaction/TransactionDefinition]
12:10:25.501 [Test worker] INFO org.springframework.boot.test.autoconfigure.web.servlet.WebMvcTestContextBootstrapper - Could not instantiate TestExecutionListener [org.springframework.test.context.jdbc.SqlScriptsTestExecutionListener]. Specify custom listener classes or make the default listener classes (and their required dependencies) available. Offending class: [org/springframework/transaction/interceptor/TransactionAttribute]
12:10:25.503 [Test worker] INFO org.springframework.boot.test.autoconfigure.web.servlet.WebMvcTestContextBootstrapper - Using TestExecutionListeners: [org.springframework.test.context.web.ServletTestExecutionListener@70b3697f, org.springframework.test.context.support.DirtiesContextBeforeModesTestExecutionListener@97f243d, org.springframework.boot.test.autoconfigure.SpringBootDependencyInjectionTestExecutionListener@7d378490, org.springframework.test.context.support.DirtiesContextTestExecutionListener@26d9f89a, org.springframework.boot.test.autoconfigure.restdocs.RestDocsTestExecutionListener@4dca95af, org.springframework.boot.test.mock.mockito.ResetMocksTestExecutionListener@3d641ee7, org.springframework.boot.test.mock.mockito.MockitoTestExecutionListener@7cb60edf, org.springframework.boot.test.autoconfigure.web.servlet.MockMvcPrintOnlyOnFailureTestExecutionListener@154224fb, org.springframework.boot.test.autoconfigure.web.servlet.WebDriverTestExecutionListener@cbcac11, org.springframework.boot.test.autoconfigure.web.client.MockRestServiceServerResetTestExecutionListener@11320847]
12:10:25.505 [Test worker] DEBUG org.springframework.test.annotation.ProfileValueUtils - Retrieved @ProfileValueSourceConfiguration [null] for test class [org.venky.employee.controller.EmployeeControllerTest]
12:10:25.505 [Test worker] DEBUG org.springframework.test.annotation.ProfileValueUtils - Retrieved ProfileValueSource type [class org.springframework.test.annotation.SystemProfileValueSource] for class [org.venky.employee.controller.EmployeeControllerTest]
12:10:25.506 [Test worker] DEBUG org.springframework.test.annotation.ProfileValueUtils - Retrieved @ProfileValueSourceConfiguration [null] for test class [org.venky.employee.controller.EmployeeControllerTest]
12:10:25.506 [Test worker] DEBUG org.springframework.test.annotation.ProfileValueUtils - Retrieved ProfileValueSource type [class org.springframework.test.annotation.SystemProfileValueSource] for class [org.venky.employee.controller.EmployeeControllerTest]
12:10:25.508 [Test worker] DEBUG org.springframework.test.context.support.AbstractDirtiesContextTestExecutionListener - Before test class: context [DefaultTestContext@7b40a20e testClass = EmployeeControllerTest, testInstance = [null], testMethod = [null], testException = [null], mergedContextConfiguration = [WebMergedContextConfiguration@38266d89 testClass = EmployeeControllerTest, locations = '{}', classes = '{class org.venky.employee.boot.EmployeeApp}', contextInitializerClasses = '[]', activeProfiles = '{}', propertySourceLocations = '{}', propertySourceProperties = '{org.springframework.boot.test.autoconfigure.web.servlet.WebMvcTestContextBootstrapper=true}', contextCustomizers = set[[ImportsContextCustomizer@187664b0 key = [Package Import org.venky.employee.controller, org.springframework.boot.autoconfigure.cache.CacheAutoConfiguration, org.springframework.boot.autoconfigure.context.MessageSourceAutoConfiguration, org.springframework.boot.autoconfigure.freemarker.FreeMarkerAutoConfiguration, org.springframework.boot.autoconfigure.groovy.template.GroovyTemplateAutoConfiguration, org.springframework.boot.autoconfigure.gson.GsonAutoConfiguration, org.springframework.boot.autoconfigure.hateoas.HypermediaAutoConfiguration, org.springframework.boot.autoconfigure.jackson.JacksonAutoConfiguration, org.springframework.boot.autoconfigure.mustache.MustacheAutoConfiguration, org.springframework.boot.autoconfigure.thymeleaf.ThymeleafAutoConfiguration, org.springframework.boot.autoconfigure.validation.ValidationAutoConfiguration, org.springframework.boot.autoconfigure.web.ErrorMvcAutoConfiguration, org.springframework.boot.autoconfigure.web.HttpMessageConvertersAutoConfiguration, org.springframework.boot.autoconfigure.web.ServerPropertiesAutoConfiguration, org.springframework.boot.autoconfigure.web.WebMvcAutoConfiguration, org.springframework.boot.test.autoconfigure.web.servlet.MockMvcAutoConfiguration, org.springframework.boot.test.autoconfigure.web.servlet.MockMvcSecurityAutoConfiguration, org.springframework.boot.test.autoconfigure.web.servlet.MockMvcWebClientAutoConfiguration, org.springframework.boot.test.autoconfigure.web.servlet.MockMvcWebDriverAutoConfiguration]], org.springframework.boot.test.context.filter.ExcludeFilterContextCustomizer@75755e9c, org.springframework.boot.test.mock.mockito.MockitoContextCustomizer@bf3f15c1, org.springframework.boot.test.autoconfigure.OverrideAutoConfigurationContextCustomizerFactory$DisableAutoConfigurationContextCustomizer@503d373, org.springframework.boot.test.autoconfigure.filter.TypeExcludeFiltersContextCustomizer@7af5e70c, org.springframework.boot.test.autoconfigure.properties.PropertyMappingContextCustomizer@a809078c, org.springframework.boot.test.autoconfigure.web.servlet.WebDriverContextCustomizerFactory$Customizer@780ab447], resourceBasePath = '', contextLoader = 'org.springframework.boot.test.context.SpringBootContextLoader', parent = [null]]], class annotated with @DirtiesContext [false] with mode [null].
12:10:25.509 [Test worker] DEBUG org.springframework.test.annotation.ProfileValueUtils - Retrieved @ProfileValueSourceConfiguration [null] for test class [org.venky.employee.controller.EmployeeControllerTest]
12:10:25.509 [Test worker] DEBUG org.springframework.test.annotation.ProfileValueUtils - Retrieved ProfileValueSource type [class org.springframework.test.annotation.SystemProfileValueSource] for class [org.venky.employee.controller.EmployeeControllerTest]
12:10:25.510 [Test worker] DEBUG org.springframework.test.context.support.DependencyInjectionTestExecutionListener - Performing dependency injection for test context [[DefaultTestContext@7b40a20e testClass = EmployeeControllerTest, testInstance = org.venky.employee.controller.EmployeeControllerTest@18deee1, testMethod = [null], testException = [null], mergedContextConfiguration = [WebMergedContextConfiguration@38266d89 testClass = EmployeeControllerTest, locations = '{}', classes = '{class org.venky.employee.boot.EmployeeApp}', contextInitializerClasses = '[]', activeProfiles = '{}', propertySourceLocations = '{}', propertySourceProperties = '{org.springframework.boot.test.autoconfigure.web.servlet.WebMvcTestContextBootstrapper=true}', contextCustomizers = set[[ImportsContextCustomizer@187664b0 key = [Package Import org.venky.employee.controller, org.springframework.boot.autoconfigure.cache.CacheAutoConfiguration, org.springframework.boot.autoconfigure.context.MessageSourceAutoConfiguration, org.springframework.boot.autoconfigure.freemarker.FreeMarkerAutoConfiguration, org.springframework.boot.autoconfigure.groovy.template.GroovyTemplateAutoConfiguration, org.springframework.boot.autoconfigure.gson.GsonAutoConfiguration, org.springframework.boot.autoconfigure.hateoas.HypermediaAutoConfiguration, org.springframework.boot.autoconfigure.jackson.JacksonAutoConfiguration, org.springframework.boot.autoconfigure.mustache.MustacheAutoConfiguration, org.springframework.boot.autoconfigure.thymeleaf.ThymeleafAutoConfiguration, org.springframework.boot.autoconfigure.validation.ValidationAutoConfiguration, org.springframework.boot.autoconfigure.web.ErrorMvcAutoConfiguration, org.springframework.boot.autoconfigure.web.HttpMessageConvertersAutoConfiguration, org.springframework.boot.autoconfigure.web.ServerPropertiesAutoConfiguration, org.springframework.boot.autoconfigure.web.WebMvcAutoConfiguration, org.springframework.boot.test.autoconfigure.web.servlet.MockMvcAutoConfiguration, org.springframework.boot.test.autoconfigure.web.servlet.MockMvcSecurityAutoConfiguration, org.springframework.boot.test.autoconfigure.web.servlet.MockMvcWebClientAutoConfiguration, org.springframework.boot.test.autoconfigure.web.servlet.MockMvcWebDriverAutoConfiguration]], org.springframework.boot.test.context.filter.ExcludeFilterContextCustomizer@75755e9c, org.springframework.boot.test.mock.mockito.MockitoContextCustomizer@bf3f15c1, org.springframework.boot.test.autoconfigure.OverrideAutoConfigurationContextCustomizerFactory$DisableAutoConfigurationContextCustomizer@503d373, org.springframework.boot.test.autoconfigure.filter.TypeExcludeFiltersContextCustomizer@7af5e70c, org.springframework.boot.test.autoconfigure.properties.PropertyMappingContextCustomizer@a809078c, org.springframework.boot.test.autoconfigure.web.servlet.WebDriverContextCustomizerFactory$Customizer@780ab447], resourceBasePath = '', contextLoader = 'org.springframework.boot.test.context.SpringBootContextLoader', parent = [null]]]].
12:10:25.546 [Test worker] DEBUG org.springframework.core.env.StandardEnvironment - Adding [systemProperties] PropertySource with lowest search precedence
12:10:25.546 [Test worker] DEBUG org.springframework.core.env.StandardEnvironment - Adding [systemEnvironment] PropertySource with lowest search precedence
12:10:25.547 [Test worker] DEBUG org.springframework.core.env.StandardEnvironment - Initialized StandardEnvironment with PropertySources [systemProperties,systemEnvironment]
12:10:25.548 [Test worker] DEBUG org.springframework.core.env.MutablePropertySources - Adding [inline] PropertySource with highest search precedence
12:10:25.552 [Test worker] DEBUG org.springframework.test.context.support.TestPropertySourceUtils - Adding inlined properties to environment: {spring.jmx.enabled=false, org.springframework.boot.test.autoconfigure.web.servlet.WebMvcTestContextBootstrapper=true, server.port=-1}
12:10:25.552 [Test worker] DEBUG org.springframework.core.env.StandardEnvironment - Adding [Inlined Test Properties] PropertySource with highest search precedence

  .   ____          _            __ _ _
 /\\ / ___'_ __ _ _(_)_ __  __ _ \ \ \ \
( ( )\___ | '_ | '_| | '_ \/ _` | \ \ \ \
 \\/  ___)| |_)| | | | | || (_| |  ) ) ) )
  '  |____| .__|_| |_|_| |_\__, | / / / /
 =========|_|==============|___/=/_/_/_/
 :: Spring Boot ::        (v1.5.2.RELEASE)

2017-03-29 12:10:25.729  INFO 17932 --- [    Test worker] o.v.e.controller.EmployeeControllerTest  : Starting EmployeeControllerTest on idx-10271 with PID 17932 (started by venky in /home/venky/development/workspaces/EmployeeRestApiG2/employeeapirest)
2017-03-29 12:10:25.730  INFO 17932 --- [    Test worker] o.v.e.controller.EmployeeControllerTest  : No active profile set, falling back to default profiles: default
2017-03-29 12:10:25.745  INFO 17932 --- [    Test worker] o.s.w.c.s.GenericWebApplicationContext   : Refreshing org.springframework.web.context.support.GenericWebApplicationContext@52b8be43: startup date [Wed Mar 29 12:10:25 CDT 2017]; root of context hierarchy
2017-03-29 12:10:26.595  INFO 17932 --- [    Test worker] s.w.s.m.m.a.RequestMappingHandlerAdapter : Looking for @ControllerAdvice: org.springframework.web.context.support.GenericWebApplicationContext@52b8be43: startup date [Wed Mar 29 12:10:25 CDT 2017]; root of context hierarchy
2017-03-29 12:10:26.647  INFO 17932 --- [    Test worker] s.w.s.m.m.a.RequestMappingHandlerMapping : Mapped "{[/employee/{id}]}" onto public org.springframework.http.ResponseEntity<java.lang.Object> org.venky.employee.controller.EmployeeController.getEmployee(int)
2017-03-29 12:10:26.648  INFO 17932 --- [    Test worker] s.w.s.m.m.a.RequestMappingHandlerMapping : Mapped "{[/employee],methods=[POST]}" onto public org.venky.employee.model.Employee org.venky.employee.controller.EmployeeController.addEmployee(org.venky.employee.model.Employee)
2017-03-29 12:10:26.648  INFO 17932 --- [    Test worker] s.w.s.m.m.a.RequestMappingHandlerMapping : Mapped "{[/employees]}" onto public java.util.List<org.venky.employee.model.Employee> org.venky.employee.controller.EmployeeController.getAllEmployees()
2017-03-29 12:10:26.648  INFO 17932 --- [    Test worker] s.w.s.m.m.a.RequestMappingHandlerMapping : Mapped "{[/employee/{id}],methods=[DELETE]}" onto public org.springframework.http.ResponseEntity<java.lang.String> org.venky.employee.controller.EmployeeController.deleteEmployee(int)
2017-03-29 12:10:26.648  INFO 17932 --- [    Test worker] s.w.s.m.m.a.RequestMappingHandlerMapping : Mapped "{[/employee/dummy]}" onto public org.venky.employee.model.Employee org.venky.employee.controller.EmployeeController.getDummyEmployee()
2017-03-29 12:10:26.649  INFO 17932 --- [    Test worker] s.w.s.m.m.a.RequestMappingHandlerMapping : Mapped "{[/employee/{id}],methods=[PUT]}" onto public org.springframework.http.ResponseEntity<org.venky.employee.model.Employee> org.venky.employee.controller.EmployeeController.updateEmployee(org.venky.employee.model.Employee,int)
2017-03-29 12:10:26.649  INFO 17932 --- [    Test worker] s.w.s.m.m.a.RequestMappingHandlerMapping : Mapped "{[/hello]}" onto public java.lang.String org.venky.employee.controller.HelloController.sayHi()
2017-03-29 12:10:26.651  INFO 17932 --- [    Test worker] s.w.s.m.m.a.RequestMappingHandlerMapping : Mapped "{[/error],produces=[text/html]}" onto public org.springframework.web.servlet.ModelAndView org.springframework.boot.autoconfigure.web.BasicErrorController.errorHtml(javax.servlet.http.HttpServletRequest,javax.servlet.http.HttpServletResponse)
2017-03-29 12:10:26.652  INFO 17932 --- [    Test worker] s.w.s.m.m.a.RequestMappingHandlerMapping : Mapped "{[/error]}" onto public org.springframework.http.ResponseEntity<java.util.Map<java.lang.String, java.lang.Object>> org.springframework.boot.autoconfigure.web.BasicErrorController.error(javax.servlet.http.HttpServletRequest)
2017-03-29 12:10:26.679  INFO 17932 --- [    Test worker] o.s.w.s.handler.SimpleUrlHandlerMapping  : Mapped URL path [/webjars/**] onto handler of type [class org.springframework.web.servlet.resource.ResourceHttpRequestHandler]
2017-03-29 12:10:26.680  INFO 17932 --- [    Test worker] o.s.w.s.handler.SimpleUrlHandlerMapping  : Mapped URL path [/**] onto handler of type [class org.springframework.web.servlet.resource.ResourceHttpRequestHandler]
2017-03-29 12:10:26.694  INFO 17932 --- [    Test worker] .m.m.a.ExceptionHandlerExceptionResolver : Detected @ExceptionHandler methods in exceptionControllerAdvice
2017-03-29 12:10:26.713  INFO 17932 --- [    Test worker] o.s.w.s.handler.SimpleUrlHandlerMapping  : Mapped URL path [/**/favicon.ico] onto handler of type [class org.springframework.web.servlet.resource.ResourceHttpRequestHandler]
2017-03-29 12:10:26.803  INFO 17932 --- [    Test worker] o.s.b.t.m.w.SpringBootMockServletContext : Initializing Spring FrameworkServlet ''
2017-03-29 12:10:26.803  INFO 17932 --- [    Test worker] o.s.t.web.servlet.TestDispatcherServlet  : FrameworkServlet '': initialization started
2017-03-29 12:10:26.814  INFO 17932 --- [    Test worker] o.s.t.web.servlet.TestDispatcherServlet  : FrameworkServlet '': initialization completed in 10 ms
2017-03-29 12:10:26.871  INFO 17932 --- [    Test worker] o.v.e.controller.EmployeeControllerTest  : Started EmployeeControllerTest in 1.313 seconds (JVM running for 1.86)
org.springframework.mock.web.MockHttpServletResponse@52e5882a
]]></system-out>
  <system-err><![CDATA[]]></system-err>
</testsuite>
